error: linking with `arm-none-eabi-gcc` failed: exit code: 1
  |
  = note: "arm-none-eabi-gcc" "-Wl,--eh-frame-hdr" "-L" "/Users/flynn/.rustup/toolchains/nightly-aarch64-apple-darwin/lib/rustlib/arm-none-eabihf/lib" "/Users/flynn/Desktop/f/education/stanford/2/cs107e/project/target/arm-none-eabihf/debug/deps/project-202f571070343296.1l1h3xp1rz5n1lm7.rcgu.o" "-o" "/Users/flynn/Desktop/f/education/stanford/2/cs107e/project/target/arm-none-eabihf/debug/deps/project-202f571070343296" "-Wl,--gc-sections" "-nodefaultlibs" "-L" "/Users/flynn/Desktop/f/education/stanford/2/cs107e/project/target/arm-none-eabihf/debug/deps" "-L" "/Users/flynn/Desktop/f/education/stanford/2/cs107e/project/target/debug/deps" "-L" "/Users/flynn/.rustup/toolchains/nightly-aarch64-apple-darwin/lib/rustlib/arm-none-eabihf/lib" "-Wl,-Bstatic" "/Users/flynn/Desktop/f/education/stanford/2/cs107e/project/target/arm-none-eabihf/debug/deps/librustc_std_workspace_core-c80bfbc168dbc795.rlib" "/Users/flynn/Desktop/f/education/stanford/2/cs107e/project/target/arm-none-eabihf/debug/deps/libcore-f5cab07ed0e76d34.rlib" "/Users/flynn/Desktop/f/education/stanford/2/cs107e/project/target/arm-none-eabihf/debug/deps/libcompiler_builtins-f61b6118546fe572.rlib" "-Wl,-Bdynamic"
  = note: /opt/homebrew/Cellar/arm-none-eabi-test/9-2019q4-cs107e/bin/../lib/gcc/arm-none-eabi/9.2.1/../../../../arm-none-eabi/bin/ld: error: /Users/flynn/Desktop/f/education/stanford/2/cs107e/project/target/arm-none-eabihf/debug/deps/project-202f571070343296.1l1h3xp1rz5n1lm7.rcgu.o uses VFP register arguments, /Users/flynn/Desktop/f/education/stanford/2/cs107e/project/target/arm-none-eabihf/debug/deps/project-202f571070343296 does not
          /opt/homebrew/Cellar/arm-none-eabi-test/9-2019q4-cs107e/bin/../lib/gcc/arm-none-eabi/9.2.1/../../../../arm-none-eabi/bin/ld: failed to merge target specific data of file /Users/flynn/Desktop/f/education/stanford/2/cs107e/project/target/arm-none-eabihf/debug/deps/project-202f571070343296.1l1h3xp1rz5n1lm7.rcgu.o
          /opt/homebrew/Cellar/arm-none-eabi-test/9-2019q4-cs107e/bin/../lib/gcc/arm-none-eabi/9.2.1/../../../../arm-none-eabi/bin/ld: error: /Users/flynn/Desktop/f/education/stanford/2/cs107e/project/target/arm-none-eabihf/debug/deps/libcompiler_builtins-f61b6118546fe572.rlib(compiler_builtins-f61b6118546fe572.compiler_builtins.8y26m5vo-cgu.11.rcgu.o) uses VFP register arguments, /Users/flynn/Desktop/f/education/stanford/2/cs107e/project/target/arm-none-eabihf/debug/deps/project-202f571070343296 does not
          /opt/homebrew/Cellar/arm-none-eabi-test/9-2019q4-cs107e/bin/../lib/gcc/arm-none-eabi/9.2.1/../../../../arm-none-eabi/bin/ld: failed to merge target specific data of file /Users/flynn/Desktop/f/education/stanford/2/cs107e/project/target/arm-none-eabihf/debug/deps/libcompiler_builtins-f61b6118546fe572.rlib(compiler_builtins-f61b6118546fe572.compiler_builtins.8y26m5vo-cgu.11.rcgu.o)
          /opt/homebrew/Cellar/arm-none-eabi-test/9-2019q4-cs107e/bin/../lib/gcc/arm-none-eabi/9.2.1/../../../../arm-none-eabi/bin/ld: error: /Users/flynn/Desktop/f/education/stanford/2/cs107e/project/target/arm-none-eabihf/debug/deps/libcompiler_builtins-f61b6118546fe572.rlib(compiler_builtins-f61b6118546fe572.compiler_builtins.8y26m5vo-cgu.12.rcgu.o) uses VFP register arguments, /Users/flynn/Desktop/f/education/stanford/2/cs107e/project/target/arm-none-eabihf/debug/deps/project-202f571070343296 does not
          /opt/homebrew/Cellar/arm-none-eabi-test/9-2019q4-cs107e/bin/../lib/gcc/arm-none-eabi/9.2.1/../../../../arm-none-eabi/bin/ld: failed to merge target specific data of file /Users/flynn/Desktop/f/education/stanford/2/cs107e/project/target/arm-none-eabihf/debug/deps/libcompiler_builtins-f61b6118546fe572.rlib(compiler_builtins-f61b6118546fe572.compiler_builtins.8y26m5vo-cgu.12.rcgu.o)
          /opt/homebrew/Cellar/arm-none-eabi-test/9-2019q4-cs107e/bin/../lib/gcc/arm-none-eabi/9.2.1/../../../../arm-none-eabi/bin/ld: error: /Users/flynn/Desktop/f/education/stanford/2/cs107e/project/target/arm-none-eabihf/debug/deps/libcompiler_builtins-f61b6118546fe572.rlib(compiler_builtins-f61b6118546fe572.compiler_builtins.8y26m5vo-cgu.13.rcgu.o) uses VFP register arguments, /Users/flynn/Desktop/f/education/stanford/2/cs107e/project/target/arm-none-eabihf/debug/deps/project-202f571070343296 does not
          /opt/homebrew/Cellar/arm-none-eabi-test/9-2019q4-cs107e/bin/../lib/gcc/arm-none-eabi/9.2.1/../../../../arm-none-eabi/bin/ld: failed to merge target specific data of file /Users/flynn/Desktop/f/education/stanford/2/cs107e/project/target/arm-none-eabihf/debug/deps/libcompiler_builtins-f61b6118546fe572.rlib(compiler_builtins-f61b6118546fe572.compiler_builtins.8y26m5vo-cgu.13.rcgu.o)
          /opt/homebrew/Cellar/arm-none-eabi-test/9-2019q4-cs107e/bin/../lib/gcc/arm-none-eabi/9.2.1/../../../../arm-none-eabi/bin/ld: error: /Users/flynn/Desktop/f/education/stanford/2/cs107e/project/target/arm-none-eabihf/debug/deps/libcompiler_builtins-f61b6118546fe572.rlib(compiler_builtins-f61b6118546fe572.compiler_builtins.8y26m5vo-cgu.14.rcgu.o) uses VFP register arguments, /Users/flynn/Desktop/f/education/stanford/2/cs107e/project/target/arm-none-eabihf/debug/deps/project-202f571070343296 does not
          /opt/homebrew/Cellar/arm-none-eabi-test/9-2019q4-cs107e/bin/../lib/gcc/arm-none-eabi/9.2.1/../../../../arm-none-eabi/bin/ld: failed to merge target specific data of file /Users/flynn/Desktop/f/education/stanford/2/cs107e/project/target/arm-none-eabihf/debug/deps/libcompiler_builtins-f61b6118546fe572.rlib(compiler_builtins-f61b6118546fe572.compiler_builtins.8y26m5vo-cgu.14.rcgu.o)
          /opt/homebrew/Cellar/arm-none-eabi-test/9-2019q4-cs107e/bin/../lib/gcc/arm-none-eabi/9.2.1/../../../../arm-none-eabi/bin/ld: error: /Users/flynn/Desktop/f/education/stanford/2/cs107e/project/target/arm-none-eabihf/debug/deps/libcompiler_builtins-f61b6118546fe572.rlib(compiler_builtins-f61b6118546fe572.compiler_builtins.8y26m5vo-cgu.15.rcgu.o) uses VFP register arguments, /Users/flynn/Desktop/f/education/stanford/2/cs107e/project/target/arm-none-eabihf/debug/deps/project-202f571070343296 does not
          /opt/homebrew/Cellar/arm-none-eabi-test/9-2019q4-cs107e/bin/../lib/gcc/arm-none-eabi/9.2.1/../../../../arm-none-eabi/bin/ld: failed to merge target specific data of file /Users/flynn/Desktop/f/education/stanford/2/cs107e/project/target/arm-none-eabihf/debug/deps/libcompiler_builtins-f61b6118546fe572.rlib(compiler_builtins-f61b6118546fe572.compiler_builtins.8y26m5vo-cgu.15.rcgu.o)
          /opt/homebrew/Cellar/arm-none-eabi-test/9-2019q4-cs107e/bin/../lib/gcc/arm-none-eabi/9.2.1/../../../../arm-none-eabi/bin/ld: error: /Users/flynn/Desktop/f/education/stanford/2/cs107e/project/target/arm-none-eabihf/debug/deps/libcompiler_builtins-f61b6118546fe572.rlib(compiler_builtins-f61b6118546fe572.compiler_builtins.8y26m5vo-cgu.2.rcgu.o) uses VFP register arguments, /Users/flynn/Desktop/f/education/stanford/2/cs107e/project/target/arm-none-eabihf/debug/deps/project-202f571070343296 does not
          /opt/homebrew/Cellar/arm-none-eabi-test/9-2019q4-cs107e/bin/../lib/gcc/arm-none-eabi/9.2.1/../../../../arm-none-eabi/bin/ld: failed to merge target specific data of file /Users/flynn/Desktop/f/education/stanford/2/cs107e/project/target/arm-none-eabihf/debug/deps/libcompiler_builtins-f61b6118546fe572.rlib(compiler_builtins-f61b6118546fe572.compiler_builtins.8y26m5vo-cgu.2.rcgu.o)
          /opt/homebrew/Cellar/arm-none-eabi-test/9-2019q4-cs107e/bin/../lib/gcc/arm-none-eabi/9.2.1/../../../../arm-none-eabi/bin/ld: error: /Users/flynn/Desktop/f/education/stanford/2/cs107e/project/target/arm-none-eabihf/debug/deps/libcompiler_builtins-f61b6118546fe572.rlib(compiler_builtins-f61b6118546fe572.compiler_builtins.8y26m5vo-cgu.3.rcgu.o) uses VFP register arguments, /Users/flynn/Desktop/f/education/stanford/2/cs107e/project/target/arm-none-eabihf/debug/deps/project-202f571070343296 does not
          /opt/homebrew/Cellar/arm-none-eabi-test/9-2019q4-cs107e/bin/../lib/gcc/arm-none-eabi/9.2.1/../../../../arm-none-eabi/bin/ld: failed to merge target specific data of file /Users/flynn/Desktop/f/education/stanford/2/cs107e/project/target/arm-none-eabihf/debug/deps/libcompiler_builtins-f61b6118546fe572.rlib(compiler_builtins-f61b6118546fe572.compiler_builtins.8y26m5vo-cgu.3.rcgu.o)
          /opt/homebrew/Cellar/arm-none-eabi-test/9-2019q4-cs107e/bin/../lib/gcc/arm-none-eabi/9.2.1/../../../../arm-none-eabi/bin/ld: error: /Users/flynn/Desktop/f/education/stanford/2/cs107e/project/target/arm-none-eabihf/debug/deps/libcompiler_builtins-f61b6118546fe572.rlib(compiler_builtins-f61b6118546fe572.compiler_builtins.8y26m5vo-cgu.4.rcgu.o) uses VFP register arguments, /Users/flynn/Desktop/f/education/stanford/2/cs107e/project/target/arm-none-eabihf/debug/deps/project-202f571070343296 does not
          /opt/homebrew/Cellar/arm-none-eabi-test/9-2019q4-cs107e/bin/../lib/gcc/arm-none-eabi/9.2.1/../../../../arm-none-eabi/bin/ld: failed to merge target specific data of file /Users/flynn/Desktop/f/education/stanford/2/cs107e/project/target/arm-none-eabihf/debug/deps/libcompiler_builtins-f61b6118546fe572.rlib(compiler_builtins-f61b6118546fe572.compiler_builtins.8y26m5vo-cgu.4.rcgu.o)
          /opt/homebrew/Cellar/arm-none-eabi-test/9-2019q4-cs107e/bin/../lib/gcc/arm-none-eabi/9.2.1/../../../../arm-none-eabi/bin/ld: error: /Users/flynn/Desktop/f/education/stanford/2/cs107e/project/target/arm-none-eabihf/debug/deps/libcompiler_builtins-f61b6118546fe572.rlib(compiler_builtins-f61b6118546fe572.compiler_builtins.8y26m5vo-cgu.5.rcgu.o) uses VFP register arguments, /Users/flynn/Desktop/f/education/stanford/2/cs107e/project/target/arm-none-eabihf/debug/deps/project-202f571070343296 does not
          /opt/homebrew/Cellar/arm-none-eabi-test/9-2019q4-cs107e/bin/../lib/gcc/arm-none-eabi/9.2.1/../../../../arm-none-eabi/bin/ld: failed to merge target specific data of file /Users/flynn/Desktop/f/education/stanford/2/cs107e/project/target/arm-none-eabihf/debug/deps/libcompiler_builtins-f61b6118546fe572.rlib(compiler_builtins-f61b6118546fe572.compiler_builtins.8y26m5vo-cgu.5.rcgu.o)
          /opt/homebrew/Cellar/arm-none-eabi-test/9-2019q4-cs107e/bin/../lib/gcc/arm-none-eabi/9.2.1/../../../../arm-none-eabi/bin/ld: error: /Users/flynn/Desktop/f/education/stanford/2/cs107e/project/target/arm-none-eabihf/debug/deps/libcompiler_builtins-f61b6118546fe572.rlib(compiler_builtins-f61b6118546fe572.compiler_builtins.8y26m5vo-cgu.6.rcgu.o) uses VFP register arguments, /Users/flynn/Desktop/f/education/stanford/2/cs107e/project/target/arm-none-eabihf/debug/deps/project-202f571070343296 does not
          /opt/homebrew/Cellar/arm-none-eabi-test/9-2019q4-cs107e/bin/../lib/gcc/arm-none-eabi/9.2.1/../../../../arm-none-eabi/bin/ld: failed to merge target specific data of file /Users/flynn/Desktop/f/education/stanford/2/cs107e/project/target/arm-none-eabihf/debug/deps/libcompiler_builtins-f61b6118546fe572.rlib(compiler_builtins-f61b6118546fe572.compiler_builtins.8y26m5vo-cgu.6.rcgu.o)
          /opt/homebrew/Cellar/arm-none-eabi-test/9-2019q4-cs107e/bin/../lib/gcc/arm-none-eabi/9.2.1/../../../../arm-none-eabi/bin/ld: error: /Users/flynn/Desktop/f/education/stanford/2/cs107e/project/target/arm-none-eabihf/debug/deps/libcompiler_builtins-f61b6118546fe572.rlib(compiler_builtins-f61b6118546fe572.compiler_builtins.8y26m5vo-cgu.7.rcgu.o) uses VFP register arguments, /Users/flynn/Desktop/f/education/stanford/2/cs107e/project/target/arm-none-eabihf/debug/deps/project-202f571070343296 does not
          /opt/homebrew/Cellar/arm-none-eabi-test/9-2019q4-cs107e/bin/../lib/gcc/arm-none-eabi/9.2.1/../../../../arm-none-eabi/bin/ld: failed to merge target specific data of file /Users/flynn/Desktop/f/education/stanford/2/cs107e/project/target/arm-none-eabihf/debug/deps/libcompiler_builtins-f61b6118546fe572.rlib(compiler_builtins-f61b6118546fe572.compiler_builtins.8y26m5vo-cgu.7.rcgu.o)
          /opt/homebrew/Cellar/arm-none-eabi-test/9-2019q4-cs107e/bin/../lib/gcc/arm-none-eabi/9.2.1/../../../../arm-none-eabi/bin/ld: error: /Users/flynn/Desktop/f/education/stanford/2/cs107e/project/target/arm-none-eabihf/debug/deps/libcompiler_builtins-f61b6118546fe572.rlib(compiler_builtins-f61b6118546fe572.compiler_builtins.8y26m5vo-cgu.8.rcgu.o) uses VFP register arguments, /Users/flynn/Desktop/f/education/stanford/2/cs107e/project/target/arm-none-eabihf/debug/deps/project-202f571070343296 does not
          /opt/homebrew/Cellar/arm-none-eabi-test/9-2019q4-cs107e/bin/../lib/gcc/arm-none-eabi/9.2.1/../../../../arm-none-eabi/bin/ld: failed to merge target specific data of file /Users/flynn/Desktop/f/education/stanford/2/cs107e/project/target/arm-none-eabihf/debug/deps/libcompiler_builtins-f61b6118546fe572.rlib(compiler_builtins-f61b6118546fe572.compiler_builtins.8y26m5vo-cgu.8.rcgu.o)
          /opt/homebrew/Cellar/arm-none-eabi-test/9-2019q4-cs107e/bin/../lib/gcc/arm-none-eabi/9.2.1/../../../../arm-none-eabi/bin/ld: error: /Users/flynn/Desktop/f/education/stanford/2/cs107e/project/target/arm-none-eabihf/debug/deps/libcompiler_builtins-f61b6118546fe572.rlib(compiler_builtins-f61b6118546fe572.compiler_builtins.8y26m5vo-cgu.9.rcgu.o) uses VFP register arguments, /Users/flynn/Desktop/f/education/stanford/2/cs107e/project/target/arm-none-eabihf/debug/deps/project-202f571070343296 does not
          /opt/homebrew/Cellar/arm-none-eabi-test/9-2019q4-cs107e/bin/../lib/gcc/arm-none-eabi/9.2.1/../../../../arm-none-eabi/bin/ld: failed to merge target specific data of file /Users/flynn/Desktop/f/education/stanford/2/cs107e/project/target/arm-none-eabihf/debug/deps/libcompiler_builtins-f61b6118546fe572.rlib(compiler_builtins-f61b6118546fe572.compiler_builtins.8y26m5vo-cgu.9.rcgu.o)
          /opt/homebrew/Cellar/arm-none-eabi-test/9-2019q4-cs107e/bin/../lib/gcc/arm-none-eabi/9.2.1/../../../../arm-none-eabi/bin/ld: error: /Users/flynn/Desktop/f/education/stanford/2/cs107e/project/target/arm-none-eabihf/debug/deps/libcompiler_builtins-f61b6118546fe572.rlib(compiler_builtins-f61b6118546fe572.compiler_builtins.8y26m5vo-cgu.0.rcgu.o) uses VFP register arguments, /Users/flynn/Desktop/f/education/stanford/2/cs107e/project/target/arm-none-eabihf/debug/deps/project-202f571070343296 does not
          /opt/homebrew/Cellar/arm-none-eabi-test/9-2019q4-cs107e/bin/../lib/gcc/arm-none-eabi/9.2.1/../../../../arm-none-eabi/bin/ld: failed to merge target specific data of file /Users/flynn/Desktop/f/education/stanford/2/cs107e/project/target/arm-none-eabihf/debug/deps/libcompiler_builtins-f61b6118546fe572.rlib(compiler_builtins-f61b6118546fe572.compiler_builtins.8y26m5vo-cgu.0.rcgu.o)
          /opt/homebrew/Cellar/arm-none-eabi-test/9-2019q4-cs107e/bin/../lib/gcc/arm-none-eabi/9.2.1/../../../../arm-none-eabi/bin/ld: error: /Users/flynn/Desktop/f/education/stanford/2/cs107e/project/target/arm-none-eabihf/debug/deps/libcompiler_builtins-f61b6118546fe572.rlib(compiler_builtins-f61b6118546fe572.compiler_builtins.8y26m5vo-cgu.1.rcgu.o) uses VFP register arguments, /Users/flynn/Desktop/f/education/stanford/2/cs107e/project/target/arm-none-eabihf/debug/deps/project-202f571070343296 does not
          /opt/homebrew/Cellar/arm-none-eabi-test/9-2019q4-cs107e/bin/../lib/gcc/arm-none-eabi/9.2.1/../../../../arm-none-eabi/bin/ld: failed to merge target specific data of file /Users/flynn/Desktop/f/education/stanford/2/cs107e/project/target/arm-none-eabihf/debug/deps/libcompiler_builtins-f61b6118546fe572.rlib(compiler_builtins-f61b6118546fe572.compiler_builtins.8y26m5vo-cgu.1.rcgu.o)
          /opt/homebrew/Cellar/arm-none-eabi-test/9-2019q4-cs107e/bin/../lib/gcc/arm-none-eabi/9.2.1/../../../../arm-none-eabi/bin/ld: error: /Users/flynn/Desktop/f/education/stanford/2/cs107e/project/target/arm-none-eabihf/debug/deps/libcompiler_builtins-f61b6118546fe572.rlib(compiler_builtins-f61b6118546fe572.compiler_builtins.8y26m5vo-cgu.10.rcgu.o) uses VFP register arguments, /Users/flynn/Desktop/f/education/stanford/2/cs107e/project/target/arm-none-eabihf/debug/deps/project-202f571070343296 does not
          /opt/homebrew/Cellar/arm-none-eabi-test/9-2019q4-cs107e/bin/../lib/gcc/arm-none-eabi/9.2.1/../../../../arm-none-eabi/bin/ld: failed to merge target specific data of file /Users/flynn/Desktop/f/education/stanford/2/cs107e/project/target/arm-none-eabihf/debug/deps/libcompiler_builtins-f61b6118546fe572.rlib(compiler_builtins-f61b6118546fe572.compiler_builtins.8y26m5vo-cgu.10.rcgu.o)
          /opt/homebrew/Cellar/arm-none-eabi-test/9-2019q4-cs107e/bin/../lib/gcc/arm-none-eabi/9.2.1/../../../../arm-none-eabi/bin/ld: /opt/homebrew/Cellar/arm-none-eabi-test/9-2019q4-cs107e/bin/../lib/gcc/arm-none-eabi/9.2.1/../../../../arm-none-eabi/lib/crt0.o: in function `_start':
          (.text+0xe0): undefined reference to `__libc_init_array'
          /opt/homebrew/Cellar/arm-none-eabi-test/9-2019q4-cs107e/bin/../lib/gcc/arm-none-eabi/9.2.1/../../../../arm-none-eabi/bin/ld: (.text+0xec): undefined reference to `main'
          /opt/homebrew/Cellar/arm-none-eabi-test/9-2019q4-cs107e/bin/../lib/gcc/arm-none-eabi/9.2.1/../../../../arm-none-eabi/bin/ld: (.text+0xf0): undefined reference to `exit'
          /opt/homebrew/Cellar/arm-none-eabi-test/9-2019q4-cs107e/bin/../lib/gcc/arm-none-eabi/9.2.1/../../../../arm-none-eabi/bin/ld: /Users/flynn/Desktop/f/education/stanford/2/cs107e/project/target/arm-none-eabihf/debug/deps/libcompiler_builtins-f61b6118546fe572.rlib(compiler_builtins-f61b6118546fe572.compiler_builtins.8y26m5vo-cgu.11.rcgu.o): in function `compiler_builtins::mem::impls::set_bytes':
          /Users/flynn/.cargo/registry/src/github.com-1ecc6299db9ec823/compiler_builtins-0.1.39/src/mem/impls.rs:24: undefined reference to `core::ptr::mut_ptr::<impl *mut T>::add'
          /opt/homebrew/Cellar/arm-none-eabi-test/9-2019q4-cs107e/bin/../lib/gcc/arm-none-eabi/9.2.1/../../../../arm-none-eabi/bin/ld: /Users/flynn/.cargo/registry/src/github.com-1ecc6299db9ec823/compiler_builtins-0.1.39/src/mem/impls.rs:25: undefined reference to `core::panicking::panic'
          collect2: error: ld returned 1 exit status